This file contains any messages produced by compilers while
running configure, to aid debugging if configure makes a mistake.

It was created by cpuminer configure 2.4, which was
generated by GNU Autoconf 2.69.  Invocation command line was

  $ ./configure CFLAGS=O3

## --------- ##
## Platform. ##
## --------- ##

hostname = localhost
uname -m = armv8l
uname -r = 3.18.14-14526261
uname -s = Linux
uname -v = #1 SMP PREEMPT Fri Nov 2 20:22:23 KST 2018

/usr/bin/uname -p = unknown
/bin/uname -X     = unknown

/bin/arch              = unknown
/usr/bin/arch -k       = unknown
/usr/convex/getsysinfo = unknown
/usr/bin/hostinfo      = unknown
/bin/machine           = unknown
/usr/bin/oslevel       = unknown
/bin/universe          = unknown

PATH: /data/data/com.termux/files/usr/bin
PATH: /data/data/com.termux/files/usr/bin/applets


## ----------- ##
## Core tests. ##
## ----------- ##

configure:2384: checking build system type
configure:2398: result: armv8l-unknown-linux-gnueabihf
configure:2418: checking host system type
configure:2431: result: armv8l-unknown-linux-gnueabihf
configure:2451: checking target system type
configure:2464: result: armv8l-unknown-linux-gnueabihf
configure:2508: checking for a BSD-compatible install
configure:2576: result: /data/data/com.termux/files/usr/bin/install -c
configure:2587: checking whether build environment is sane
configure:2642: result: yes
configure:2793: checking for a thread-safe mkdir -p
configure:2832: result: /data/data/com.termux/files/usr/bin/mkdir -p
configure:2839: checking for gawk
configure:2855: found /data/data/com.termux/files/usr/bin/gawk
configure:2866: result: gawk
configure:2877: checking whether make sets $(MAKE)
configure:2899: result: yes
configure:2928: checking whether make supports nested variables
configure:2945: result: yes
configure:3075: checking whether to enable maintainer-specific portions of Makefiles
configure:3084: result: no
configure:3102: checking whether make supports the include directive
configure:3117: make -f confmf.GNU && cat confinc.out
this is the am__doit target
configure:3120: $? = 0
configure:3139: result: yes (GNU style)
configure:3209: checking for gcc
configure:3239: result: no
configure:3302: checking for cc
configure:3349: result: no
configure:3405: checking for cl.exe
configure:3435: result: no
configure:3459: error: in `/data/data/com.termux/files/home/wolf-m7m-cpuminer-V2':
configure:3461: error: no acceptable C compiler found in $PATH
See `config.log' for more details

## ---------------- ##
## Cache variables. ##
## ---------------- ##

ac_cv_build='armv8l-unknown-linux-gnueabihf'
ac_cv_env_CCASFLAGS_set=''
ac_cv_env_CCASFLAGS_value=''
ac_cv_env_CCAS_set=''
ac_cv_env_CCAS_value=''
ac_cv_env_CCC_set=''
ac_cv_env_CCC_value=''
ac_cv_env_CC_set=''
ac_cv_env_CC_value=''
ac_cv_env_CFLAGS_set='set'
ac_cv_env_CFLAGS_value='O3'
ac_cv_env_CPPFLAGS_set=''
ac_cv_env_CPPFLAGS_value=''
ac_cv_env_CPP_set=''
ac_cv_env_CPP_value=''
ac_cv_env_CXXFLAGS_set=''
ac_cv_env_CXXFLAGS_value=''
ac_cv_env_CXX_set=''
ac_cv_env_CXX_value=''
ac_cv_env_LDFLAGS_set=''
ac_cv_env_LDFLAGS_value=''
ac_cv_env_LIBS_set=''
ac_cv_env_LIBS_value=''
ac_cv_env_build_alias_set=''
ac_cv_env_build_alias_value=''
ac_cv_env_host_alias_set=''
ac_cv_env_host_alias_value=''
ac_cv_env_target_alias_set=''
ac_cv_env_target_alias_value=''
ac_cv_host='armv8l-unknown-linux-gnueabihf'
ac_cv_path_install='/data/data/com.termux/files/usr/bin/install -c'
ac_cv_path_mkdir='/data/data/com.termux/files/usr/bin/mkdir'
ac_cv_prog_AWK='gawk'
ac_cv_prog_make_make_set='yes'
ac_cv_target='armv8l-unknown-linux-gnueabihf'
am_cv_make_support_nested_variables='yes'

## ----------------- ##
## Output variables. ##
## ----------------- ##

ACLOCAL='${SHELL} /data/data/com.termux/files/home/wolf-m7m-cpuminer-V2/missing aclocal-1.16'
ALLOCA=''
AMDEPBACKSLASH='\'
AMDEP_FALSE='#'
AMDEP_TRUE=''
AMTAR='$${TAR-tar}'
AM_BACKSLASH='\'
AM_DEFAULT_V='$(AM_DEFAULT_VERBOSITY)'
AM_DEFAULT_VERBOSITY='1'
AM_V='$(V)'
ARCH_ARM_FALSE=''
ARCH_ARM_TRUE=''
ARCH_x86_64_FALSE=''
ARCH_x86_64_TRUE=''
ARCH_x86_FALSE=''
ARCH_x86_TRUE=''
AUTOCONF='${SHELL} /data/data/com.termux/files/home/wolf-m7m-cpuminer-V2/missing autoconf'
AUTOHEADER='${SHELL} /data/data/com.termux/files/home/wolf-m7m-cpuminer-V2/missing autoheader'
AUTOMAKE='${SHELL} /data/data/com.termux/files/home/wolf-m7m-cpuminer-V2/missing automake-1.16'
AWK='gawk'
CC=''
CCAS=''
CCASDEPMODE=''
CCASFLAGS=''
CCDEPMODE=''
CFLAGS='O3'
CPP=''
CPPFLAGS=''
CXX=''
CXXDEPMODE=''
CXXFLAGS=''
CYGPATH_W='echo'
DEFS=''
DEPDIR='.deps'
ECHO_C=''
ECHO_N='-n'
ECHO_T=''
EGREP=''
EXEEXT=''
GREP=''
HAVE_WINDOWS_FALSE=''
HAVE_WINDOWS_TRUE=''
INSTALL_DATA='${INSTALL} -m 644'
INSTALL_PROGRAM='${INSTALL}'
INSTALL_SCRIPT='${INSTALL}'
INSTALL_STRIP_PROGRAM='$(install_sh) -c -s'
JANSSON_LIBS=''
LDFLAGS=''
LIBCURL=''
LIBCURL_CPPFLAGS=''
LIBOBJS=''
LIBS=''
LTLIBOBJS=''
M7M_LIBS=''
MAINT='#'
MAINTAINER_MODE_FALSE=''
MAINTAINER_MODE_TRUE='#'
MAKEINFO='${SHELL} /data/data/com.termux/files/home/wolf-m7m-cpuminer-V2/missing makeinfo'
MKDIR_P='/data/data/com.termux/files/usr/bin/mkdir -p'
OBJEXT=''
PACKAGE='cpuminer'
PACKAGE_BUGREPORT=''
PACKAGE_NAME='cpuminer'
PACKAGE_STRING='cpuminer 2.4'
PACKAGE_TARNAME='cpuminer'
PACKAGE_URL=''
PACKAGE_VERSION='2.4'
PATH_SEPARATOR=':'
PTHREAD_FLAGS=''
PTHREAD_LIBS=''
RANLIB=''
SET_MAKE=''
SHELL='/data/data/com.termux/files/usr/bin/sh'
STRIP=''
USE_ASM_FALSE=''
USE_ASM_TRUE=''
VERSION='2.4'
WANT_JANSSON_FALSE=''
WANT_JANSSON_TRUE=''
WS2_LIBS=''
_libcurl_config=''
ac_ct_CC=''
ac_ct_CXX=''
am__EXEEXT_FALSE=''
am__EXEEXT_TRUE=''
am__fastdepCCAS_FALSE=''
am__fastdepCCAS_TRUE=''
am__fastdepCC_FALSE=''
am__fastdepCC_TRUE=''
am__fastdepCXX_FALSE=''
am__fastdepCXX_TRUE=''
am__include='include'
am__isrc=''
am__leading_dot='.'
am__nodep='_no'
am__quote=''
am__tar='$${TAR-tar} chof - "$$tardir"'
am__untar='$${TAR-tar} xf -'
bindir='${exec_prefix}/bin'
build='armv8l-unknown-linux-gnueabihf'
build_alias=''
build_cpu='armv8l'
build_os='linux-gnueabihf'
build_vendor='unknown'
datadir='${datarootdir}'
datarootdir='${prefix}/share'
docdir='${datarootdir}/doc/${PACKAGE_TARNAME}'
dvidir='${docdir}'
exec_prefix='NONE'
host='armv8l-unknown-linux-gnueabihf'
host_alias=''
host_cpu='armv8l'
host_os='linux-gnueabihf'
host_vendor='unknown'
htmldir='${docdir}'
includedir='${prefix}/include'
infodir='${datarootdir}/info'
install_sh='${SHELL} /data/data/com.termux/files/home/wolf-m7m-cpuminer-V2/install-sh'
libdir='${exec_prefix}/lib'
libexecdir='${exec_prefix}/libexec'
localedir='${datarootdir}/locale'
localstatedir='${prefix}/var'
mandir='${datarootdir}/man'
mkdir_p='$(MKDIR_P)'
oldincludedir='/usr/include'
pdfdir='${docdir}'
prefix='NONE'
program_transform_name='s,x,x,'
psdir='${docdir}'
sbindir='${exec_prefix}/sbin'
sharedstatedir='${prefix}/com'
sysconfdir='${prefix}/etc'
target='armv8l-unknown-linux-gnueabihf'
target_alias=''
target_cpu='armv8l'
target_os='linux-gnueabihf'
target_vendor='unknown'

## ----------- ##
## confdefs.h. ##
## ----------- ##

/* confdefs.h */
#define PACKAGE_NAME "cpuminer"
#define PACKAGE_TARNAME "cpuminer"
#define PACKAGE_VERSION "2.4"
#define PACKAGE_STRING "cpuminer 2.4"
#define PACKAGE_BUGREPORT ""
#define PACKAGE_URL ""
#define PACKAGE "cpuminer"
#define VERSION "2.4"

configure: exit 1
